# JRE version: OpenJDK Runtime Environment Temurin-17.0.8.1+1 (17.0.8.1+1) (build 17.0.8.1+1)
# Java VM: OpenJDK 64-Bit Server VM Temurin-17.0.8.1+1 (17.0.8.1+1, mixed mode, tiered, compressed oops, compressed class ptrs, parallel gc, windows-amd64)
GC Precious Log:
 CPUs: 4 total, 4 available
 Memory: 8057M
 Large Page Support: Disabled
 NUMA Support: Disabled
 Compressed Oops: Enabled (32-bit)
 Alignments: Space 512K, Generation 512K, Heap 2M
 Heap Min Capacity: 100M
 Heap Initial Capacity: 100M
 Heap Max Capacity: 1G
 Pre-touch: Disabled
 Parallel Workers: 4
Heap:
 PSYoungGen      total 18944K, used 5570K [0x00000000eab00000, 0x00000000ebe80000, 0x0000000100000000)
  eden space 18432K, 29% used [0x00000000eab00000,0x00000000eb040a50,0x00000000ebd00000)
  from space 512K, 37% used [0x00000000ebe00000,0x00000000ebe30000,0x00000000ebe80000)
  to   space 512K, 0% used [0x00000000ebd80000,0x00000000ebd80000,0x00000000ebe00000)
 ParOldGen       total 68608K, used 37524K [0x00000000c0000000, 0x00000000c4300000, 0x00000000eab00000)
  object space 68608K, 54% used [0x00000000c0000000,0x00000000c24a5260,0x00000000c4300000)
 Metaspace       used 64187K, committed 65408K, reserved 1114112K
  class space    used 7077K, committed 7616K, reserved 1048576K
GC Heap History (20 events):
Event: 9.863 GC heap before
{Heap before GC invocations=24 (full 2):
 PSYoungGen      total 20480K, used 20064K [0x00000000eab00000, 0x00000000ec200000, 0x0000000100000000)
  eden space 18432K, 100% used [0x00000000eab00000,0x00000000ebd00000,0x00000000ebd00000)
  from space 2048K, 79% used [0x00000000ebd00000,0x00000000ebe98000,0x00000000ebf00000)
  to   space 2560K, 0% used [0x00000000ebf80000,0x00000000ebf80000,0x00000000ec200000)
 ParOldGen       total 68608K, used 29617K [0x00000000c0000000, 0x00000000c4300000, 0x00000000eab00000)
  object space 68608K, 43% used [0x00000000c0000000,0x00000000c1cec620,0x00000000c4300000)
 Metaspace       used 56371K, committed 57472K, reserved 1114112K
  class space    used 6231K, committed 6720K, reserved 1048576K
}
Event: 9.868 GC heap after
{Heap after GC invocations=24 (full 2):
 PSYoungGen      total 20480K, used 1888K [0x00000000eab00000, 0x00000000ec180000, 0x0000000100000000)
  eden space 18432K, 0% used [0x00000000eab00000,0x00000000eab00000,0x00000000ebd00000)
  from space 2048K, 92% used [0x00000000ebf80000,0x00000000ec158010,0x00000000ec180000)
  to   space 2048K, 0% used [0x00000000ebd00000,0x00000000ebd00000,0x00000000ebf00000)
 ParOldGen       total 68608K, used 31233K [0x00000000c0000000, 0x00000000c4300000, 0x00000000eab00000)
  object space 68608K, 45% used [0x00000000c0000000,0x00000000c1e80620,0x00000000c4300000)
 Metaspace       used 56371K, committed 57472K, reserved 1114112K
  class space    used 6231K, committed 6720K, reserved 1048576K
}
Event: 9.913 GC heap before
{Heap before GC invocations=25 (full 2):
 PSYoungGen      total 20480K, used 20320K [0x00000000eab00000, 0x00000000ec180000, 0x0000000100000000)
  eden space 18432K, 100% used [0x00000000eab00000,0x00000000ebd00000,0x00000000ebd00000)
  from space 2048K, 92% used [0x00000000ebf80000,0x00000000ec158010,0x00000000ec180000)
  to   space 2048K, 0% used [0x00000000ebd00000,0x00000000ebd00000,0x00000000ebf00000)
 ParOldGen       total 68608K, used 31233K [0x00000000c0000000, 0x00000000c4300000, 0x00000000eab00000)
  object space 68608K, 45% used [0x00000000c0000000,0x00000000c1e80620,0x00000000c4300000)
 Metaspace       used 56371K, committed 57472K, reserved 1114112K
  class space    used 6231K, committed 6720K, reserved 1048576K
}
Event: 9.918 GC heap after
{Heap after GC invocations=25 (full 2):
 PSYoungGen      total 20480K, used 1568K [0x00000000eab00000, 0x00000000ec100000, 0x0000000100000000)
  eden space 18432K, 0% used [0x00000000eab00000,0x00000000eab00000,0x00000000ebd00000)
  from space 2048K, 76% used [0x00000000ebd00000,0x00000000ebe88000,0x00000000ebf00000)
  to   space 2048K, 0% used [0x00000000ebf00000,0x00000000ebf00000,0x00000000ec100000)
 ParOldGen       total 68608K, used 33081K [0x00000000c0000000, 0x00000000c4300000, 0x00000000eab00000)
  object space 68608K, 48% used [0x00000000c0000000,0x00000000c204e630,0x00000000c4300000)
 Metaspace       used 56371K, committed 57472K, reserved 1114112K
  class space    used 6231K, committed 6720K, reserved 1048576K
}
Event: 11.106 GC heap before
{Heap before GC invocations=26 (full 2):
 PSYoungGen      total 20480K, used 20000K [0x00000000eab00000, 0x00000000ec100000, 0x0000000100000000)
  eden space 18432K, 100% used [0x00000000eab00000,0x00000000ebd00000,0x00000000ebd00000)
  from space 2048K, 76% used [0x00000000ebd00000,0x00000000ebe88000,0x00000000ebf00000)
  to   space 2048K, 0% used [0x00000000ebf00000,0x00000000ebf00000,0x00000000ec100000)
 ParOldGen       total 68608K, used 33081K [0x00000000c0000000, 0x00000000c4300000, 0x00000000eab00000)
  object space 68608K, 48% used [0x00000000c0000000,0x00000000c204e630,0x00000000c4300000)
 Metaspace       used 57112K, committed 58176K, reserved 1114112K
  class space    used 6297K, committed 6784K, reserved 1048576K
}
Event: 11.111 GC heap after
{Heap after GC invocations=26 (full 2):
 PSYoungGen      total 20480K, used 1888K [0x00000000eab00000, 0x00000000ec100000, 0x0000000100000000)
  eden space 18432K, 0% used [0x00000000eab00000,0x00000000eab00000,0x00000000ebd00000)
  from space 2048K, 92% used [0x00000000ebf00000,0x00000000ec0d8000,0x00000000ec100000)
  to   space 2048K, 0% used [0x00000000ebd00000,0x00000000ebd00000,0x00000000ebf00000)
 ParOldGen       total 68608K, used 34561K [0x00000000c0000000, 0x00000000c4300000, 0x00000000eab00000)
  object space 68608K, 50% used [0x00000000c0000000,0x00000000c21c0630,0x00000000c4300000)
 Metaspace       used 57112K, committed 58176K, reserved 1114112K
  class space    used 6297K, committed 6784K, reserved 1048576K
}
Event: 13.697 GC heap before
{Heap before GC invocations=27 (full 2):
 PSYoungGen      total 20480K, used 20320K [0x00000000eab00000, 0x00000000ec100000, 0x0000000100000000)
  eden space 18432K, 100% used [0x00000000eab00000,0x00000000ebd00000,0x00000000ebd00000)
  from space 2048K, 92% used [0x00000000ebf00000,0x00000000ec0d8000,0x00000000ec100000)
  to   space 2048K, 0% used [0x00000000ebd00000,0x00000000ebd00000,0x00000000ebf00000)
 ParOldGen       total 68608K, used 34561K [0x00000000c0000000, 0x00000000c4300000, 0x00000000eab00000)
  object space 68608K, 50% used [0x00000000c0000000,0x00000000c21c0630,0x00000000c4300000)
 Metaspace       used 58134K, committed 59264K, reserved 1114112K
  class space    used 6406K, committed 6912K, reserved 1048576K
}
Event: 13.706 GC heap after
{Heap after GC invocations=27 (full 2):
 PSYoungGen      total 19456K, used 992K [0x00000000eab00000, 0x00000000ec000000, 0x0000000100000000)
  eden space 18432K, 0% used [0x00000000eab00000,0x00000000eab00000,0x00000000ebd00000)
  from space 1024K, 96% used [0x00000000ebd00000,0x00000000ebdf8000,0x00000000ebe00000)
  to   space 1536K, 0% used [0x00000000ebe80000,0x00000000ebe80000,0x00000000ec000000)
 ParOldGen       total 68608K, used 36378K [0x00000000c0000000, 0x00000000c4300000, 0x00000000eab00000)
  object space 68608K, 53% used [0x00000000c0000000,0x00000000c2386b20,0x00000000c4300000)
 Metaspace       used 58134K, committed 59264K, reserved 1114112K
  class space    used 6406K, committed 6912K, reserved 1048576K
}
Event: 14.024 GC heap before
{Heap before GC invocations=28 (full 2):
 PSYoungGen      total 19456K, used 15431K [0x00000000eab00000, 0x00000000ec000000, 0x0000000100000000)
  eden space 18432K, 78% used [0x00000000eab00000,0x00000000eb919d00,0x00000000ebd00000)
  from space 1024K, 96% used [0x00000000ebd00000,0x00000000ebdf8000,0x00000000ebe00000)
  to   space 1536K, 0% used [0x00000000ebe80000,0x00000000ebe80000,0x00000000ec000000)
 ParOldGen       total 68608K, used 36378K [0x00000000c0000000, 0x00000000c4300000, 0x00000000eab00000)
  object space 68608K, 53% used [0x00000000c0000000,0x00000000c2386b20,0x00000000c4300000)
 Metaspace       used 58674K, committed 59776K, reserved 1114112K
  class space    used 6441K, committed 6976K, reserved 1048576K
}
Event: 14.027 GC heap after
{Heap after GC invocations=28 (full 2):
 PSYoungGen      total 19968K, used 1046K [0x00000000eab00000, 0x00000000ec000000, 0x0000000100000000)
  eden space 18432K, 0% used [0x00000000eab00000,0x00000000eab00000,0x00000000ebd00000)
  from space 1536K, 68% used [0x00000000ebe80000,0x00000000ebf85a30,0x00000000ec000000)
  to   space 1536K, 0% used [0x00000000ebd00000,0x00000000ebd00000,0x00000000ebe80000)
 ParOldGen       total 68608K, used 37298K [0x00000000c0000000, 0x00000000c4300000, 0x00000000eab00000)
  object space 68608K, 54% used [0x00000000c0000000,0x00000000c246c870,0x00000000c4300000)
 Metaspace       used 58674K, committed 59776K, reserved 1114112K
  class space    used 6441K, committed 6976K, reserved 1048576K
}
Event: 14.027 GC heap before
{Heap before GC invocations=29 (full 3):
 PSYoungGen      total 19968K, used 1046K [0x00000000eab00000, 0x00000000ec000000, 0x0000000100000000)
  eden space 18432K, 0% used [0x00000000eab00000,0x00000000eab00000,0x00000000ebd00000)
  from space 1536K, 68% used [0x00000000ebe80000,0x00000000ebf85a30,0x00000000ec000000)
  to   space 1536K, 0% used [0x00000000ebd00000,0x00000000ebd00000,0x00000000ebe80000)
 ParOldGen       total 68608K, used 37298K [0x00000000c0000000, 0x00000000c4300000, 0x00000000eab00000)
  object space 68608K, 54% used [0x00000000c0000000,0x00000000c246c870,0x00000000c4300000)
 Metaspace       used 58674K, committed 59776K, reserved 1114112K
  class space    used 6441K, committed 6976K, reserved 1048576K
}
Event: 14.135 GC heap after
{Heap after GC invocations=29 (full 3):
 PSYoungGen      total 19968K, used 0K [0x00000000eab00000, 0x00000000ec000000, 0x0000000100000000)
  eden space 18432K, 0% used [0x00000000eab00000,0x00000000eab00000,0x00000000ebd00000)
  from space 1536K, 0% used [0x00000000ebe80000,0x00000000ebe80000,0x00000000ec000000)
  to   space 1536K, 0% used [0x00000000ebd00000,0x00000000ebd00000,0x00000000ebe80000)
 ParOldGen       total 68608K, used 36136K [0x00000000c0000000, 0x00000000c4300000, 0x00000000eab00000)
  object space 68608K, 52% used [0x00000000c0000000,0x00000000c234a3f8,0x00000000c4300000)
 Metaspace       used 58674K, committed 59776K, reserved 1114112K
  class space    used 6441K, committed 6976K, reserved 1048576K
}
Event: 14.886 GC heap before
{Heap before GC invocations=30 (full 3):
 PSYoungGen      total 19968K, used 18432K [0x00000000eab00000, 0x00000000ec000000, 0x0000000100000000)
  eden space 18432K, 100% used [0x00000000eab00000,0x00000000ebd00000,0x00000000ebd00000)
  from space 1536K, 0% used [0x00000000ebe80000,0x00000000ebe80000,0x00000000ec000000)
  to   space 1536K, 0% used [0x00000000ebd00000,0x00000000ebd00000,0x00000000ebe80000)
 ParOldGen       total 68608K, used 36136K [0x00000000c0000000, 0x00000000c4300000, 0x00000000eab00000)
  object space 68608K, 52% used [0x00000000c0000000,0x00000000c234a3f8,0x00000000c4300000)
 Metaspace       used 61156K, committed 62272K, reserved 1114112K
  class space    used 6715K, committed 7232K, reserved 1048576K
}
Event: 14.890 GC heap after
{Heap after GC invocations=30 (full 3):
 PSYoungGen      total 19456K, used 728K [0x00000000eab00000, 0x00000000ebf00000, 0x0000000100000000)
  eden space 18432K, 0% used [0x00000000eab00000,0x00000000eab00000,0x00000000ebd00000)
  from space 1024K, 71% used [0x00000000ebd00000,0x00000000ebdb6138,0x00000000ebe00000)
  to   space 1024K, 0% used [0x00000000ebe00000,0x00000000ebe00000,0x00000000ebf00000)
 ParOldGen       total 68608K, used 36144K [0x00000000c0000000, 0x00000000c4300000, 0x00000000eab00000)
  object space 68608K, 52% used [0x00000000c0000000,0x00000000c234c3f8,0x00000000c4300000)
 Metaspace       used 61156K, committed 62272K, reserved 1114112K
  class space    used 6715K, committed 7232K, reserved 1048576K
}
Event: 15.363 GC heap before
{Heap before GC invocations=31 (full 3):
 PSYoungGen      total 19456K, used 19160K [0x00000000eab00000, 0x00000000ebf00000, 0x0000000100000000)
  eden space 18432K, 100% used [0x00000000eab00000,0x00000000ebd00000,0x00000000ebd00000)
  from space 1024K, 71% used [0x00000000ebd00000,0x00000000ebdb6138,0x00000000ebe00000)
  to   space 1024K, 0% used [0x00000000ebe00000,0x00000000ebe00000,0x00000000ebf00000)
 ParOldGen       total 68608K, used 36144K [0x00000000c0000000, 0x00000000c4300000, 0x00000000eab00000)
  object space 68608K, 52% used [0x00000000c0000000,0x00000000c234c3f8,0x00000000c4300000)
 Metaspace       used 61938K, committed 63104K, reserved 1114112K
  class space    used 6820K, committed 7360K, reserved 1048576K
}
Event: 15.365 GC heap after
{Heap after GC invocations=31 (full 3):
 PSYoungGen      total 19456K, used 544K [0x00000000eab00000, 0x00000000ebf00000, 0x0000000100000000)
  eden space 18432K, 0% used [0x00000000eab00000,0x00000000eab00000,0x00000000ebd00000)
  from space 1024K, 53% used [0x00000000ebe00000,0x00000000ebe88000,0x00000000ebf00000)
  to   space 1024K, 0% used [0x00000000ebd00000,0x00000000ebd00000,0x00000000ebe00000)
 ParOldGen       total 68608K, used 36699K [0x00000000c0000000, 0x00000000c4300000, 0x00000000eab00000)
  object space 68608K, 53% used [0x00000000c0000000,0x00000000c23d6e38,0x00000000c4300000)
 Metaspace       used 61938K, committed 63104K, reserved 1114112K
  class space    used 6820K, committed 7360K, reserved 1048576K
}
Event: 15.917 GC heap before
{Heap before GC invocations=32 (full 3):
 PSYoungGen      total 19456K, used 18976K [0x00000000eab00000, 0x00000000ebf00000, 0x0000000100000000)
  eden space 18432K, 100% used [0x00000000eab00000,0x00000000ebd00000,0x00000000ebd00000)
  from space 1024K, 53% used [0x00000000ebe00000,0x00000000ebe88000,0x00000000ebf00000)
  to   space 1024K, 0% used [0x00000000ebd00000,0x00000000ebd00000,0x00000000ebe00000)
 ParOldGen       total 68608K, used 36699K [0x00000000c0000000, 0x00000000c4300000, 0x00000000eab00000)
  object space 68608K, 53% used [0x00000000c0000000,0x00000000c23d6e38,0x00000000c4300000)
 Metaspace       used 63179K, committed 64320K, reserved 1114112K
  class space    used 6969K, committed 7488K, reserved 1048576K
}
Event: 15.920 GC heap after
{Heap after GC invocations=32 (full 3):
 PSYoungGen      total 19456K, used 512K [0x00000000eab00000, 0x00000000ebf00000, 0x0000000100000000)
  eden space 18432K, 0% used [0x00000000eab00000,0x00000000eab00000,0x00000000ebd00000)
  from space 1024K, 50% used [0x00000000ebd00000,0x00000000ebd80000,0x00000000ebe00000)
  to   space 1024K, 0% used [0x00000000ebe00000,0x00000000ebe00000,0x00000000ebf00000)
 ParOldGen       total 68608K, used 37180K [0x00000000c0000000, 0x00000000c4300000, 0x00000000eab00000)
  object space 68608K, 54% used [0x00000000c0000000,0x00000000c244f0a0,0x00000000c4300000)
 Metaspace       used 63179K, committed 64320K, reserved 1114112K
  class space    used 6969K, committed 7488K, reserved 1048576K
}
Event: 16.029 GC heap before
{Heap before GC invocations=33 (full 3):
 PSYoungGen      total 19456K, used 18944K [0x00000000eab00000, 0x00000000ebf00000, 0x0000000100000000)
  eden space 18432K, 100% used [0x00000000eab00000,0x00000000ebd00000,0x00000000ebd00000)
  from space 1024K, 50% used [0x00000000ebd00000,0x00000000ebd80000,0x00000000ebe00000)
  to   space 1024K, 0% used [0x00000000ebe00000,0x00000000ebe00000,0x00000000ebf00000)
 ParOldGen       total 68608K, used 37180K [0x00000000c0000000, 0x00000000c4300000, 0x00000000eab00000)
  object space 68608K, 54% used [0x00000000c0000000,0x00000000c244f0a0,0x00000000c4300000)
 Metaspace       used 63249K, committed 64384K, reserved 1114112K
  class space    used 6978K, committed 7488K, reserved 1048576K
}
Event: 16.031 GC heap after
{Heap after GC invocations=33 (full 3):
 PSYoungGen      total 18944K, used 192K [0x00000000eab00000, 0x00000000ebe80000, 0x0000000100000000)
  eden space 18432K, 0% used [0x00000000eab00000,0x00000000eab00000,0x00000000ebd00000)
  from space 512K, 37% used [0x00000000ebe00000,0x00000000ebe30000,0x00000000ebe80000)
  to   space 512K, 0% used [0x00000000ebd80000,0x00000000ebd80000,0x00000000ebe00000)
 ParOldGen       total 68608K, used 37524K [0x00000000c0000000, 0x00000000c4300000, 0x00000000eab00000)
  object space 68608K, 54% used [0x00000000c0000000,0x00000000c24a5260,0x00000000c4300000)
 Metaspace       used 63249K, committed 64384K, reserved 1114112K
  class space    used 6978K, committed 7488K, reserved 1048576K
}

